<?xml version="1.0" encoding="UTF-8"?>
<!-- Generated by org.testng.reporters.JUnitReportReporter -->
<testsuite hostname="Karthisri" failures="0" tests="2" name="Maven.Karthi.ParallelTest" time="28.952" errors="0" timestamp="2022-03-25T11:25:06 IST" skipped="0">
  <testcase classname="Maven.Karthi.ParallelTest" name="Facebook" time="14.050"/>
  <system-out/>
  <testcase classname="Maven.Karthi.ParallelTest" name="Amazon" time="14.902"/>
  <system-out/>
</testsuite> <!-- Maven.Karthi.ParallelTest -->
