<?xml version="1.0" encoding="UTF-8"?>
<!-- Generated by org.testng.reporters.JUnitReportReporter -->
<testsuite hostname="Karthisri" failures="0" tests="2" name="Maven.Karthi.GroupTest" time="21.327" errors="0" timestamp="2022-03-25T11:48:12 IST" skipped="0">
  <testcase classname="Maven.Karthi.GroupTest" name="amazon" time="11.666"/>
  <system-out/>
  <testcase classname="Maven.Karthi.GroupTest" name="Flipkart" time="9.661"/>
  <system-out/>
</testsuite> <!-- Maven.Karthi.GroupTest -->
