<?xml version="1.0" encoding="UTF-8"?>
<!-- Generated by org.testng.reporters.JUnitReportReporter -->
<testsuite hostname="Karthisri" failures="0" tests="1" name="Maven.Karthi.ParametersTest" time="5.930" errors="0" timestamp="2022-03-25T13:22:31 IST" skipped="0">
  <testcase classname="Maven.Karthi.ParametersTest" name="facebook" time="5.930"/>
  <system-out/>
</testsuite> <!-- Maven.Karthi.ParametersTest -->
