<?xml version="1.0" encoding="UTF-8"?>
<!-- Generated by org.testng.reporters.JUnitReportReporter -->
<testsuite hostname="Karthisri" failures="0" tests="4" name="Maven.Karthi.Testcases_InnCount" time="21.622" errors="0" timestamp="2022-03-22T19:20:44 IST" skipped="0">
  <testcase classname="Maven.Karthi.Testcases_InnCount" name="Facebook" time="4.402"/>
  <system-out/>
  <testcase classname="Maven.Karthi.Testcases_InnCount" name="Facebook" time="4.868"/>
  <system-out/>
  <testcase classname="Maven.Karthi.Testcases_InnCount" name="Flipkart" time="5.955"/>
  <system-out/>
  <testcase classname="Maven.Karthi.Testcases_InnCount" name="amazon" time="6.397"/>
  <system-out/>
</testsuite> <!-- Maven.Karthi.Testcases_InnCount -->
