<?xml version="1.0" encoding="UTF-8"?>
<!-- Generated by org.testng.reporters.JUnitReportReporter -->
<testsuite hostname="Karthisri" failures="0" tests="2" name="Maven.Karthi.ExceptionTest" time="0.017" errors="0" timestamp="2022-03-25T12:04:30 IST" skipped="0">
  <testcase classname="Maven.Karthi.ExceptionTest" name="add" time="0.015"/>
  <system-out/>
  <testcase classname="Maven.Karthi.ExceptionTest" name="divide" time="0.002"/>
  <system-out/>
</testsuite> <!-- Maven.Karthi.ExceptionTest -->
