<?xml version="1.0" encoding="UTF-8"?>
<!-- Generated by org.testng.reporters.JUnitReportReporter -->
<testsuite hostname="Karthisri" failures="0" tests="4" name="Maven.Karthi.Parameterized_Test" time="25.756" errors="0" timestamp="2022-03-25T13:08:25 IST" skipped="0">
  <testcase classname="Maven.Karthi.Parameterized_Test" name="Facebook" time="5.872"/>
  <system-out/>
  <testcase classname="Maven.Karthi.Parameterized_Test" name="Facebook" time="6.455"/>
  <system-out/>
  <testcase classname="Maven.Karthi.Parameterized_Test" name="Facebook" time="7.065"/>
  <system-out/>
  <testcase classname="Maven.Karthi.Parameterized_Test" name="Facebook" time="6.364"/>
  <system-out/>
</testsuite> <!-- Maven.Karthi.Parameterized_Test -->
