<?xml version="1.0" encoding="UTF-8"?>
<!-- Generated by org.testng.reporters.JUnitReportReporter -->
<testsuite hostname="Karthisri" failures="0" tests="1" name="Maven.Karthi.Assert_Concept" time="6.829" errors="0" timestamp="2022-03-26T19:25:06 IST" skipped="0">
  <testcase classname="Maven.Karthi.Assert_Concept" name="assertConc" time="6.829"/>
  <system-out/>
</testsuite> <!-- Maven.Karthi.Assert_Concept -->
