<?xml version="1.0" encoding="UTF-8"?>
<!-- Generated by org.testng.reporters.JUnitReportReporter -->
<testsuite hostname="Karthisri" failures="0" tests="3" name="Maven.Karthi.DependencyTest" time="22.092" errors="0" timestamp="2022-03-25T11:55:15 IST" skipped="0">
  <testcase classname="Maven.Karthi.DependencyTest" name="Facebook" time="5.828"/>
  <system-out/>
  <testcase classname="Maven.Karthi.DependencyTest" name="Facebook" time="6.348"/>
  <system-out/>
  <testcase classname="Maven.Karthi.DependencyTest" name="Amazon" time="9.916"/>
  <system-out/>
</testsuite> <!-- Maven.Karthi.DependencyTest -->
